<?xml version="1.0" encoding="UTF-8"?>
<!-- Generated by org.testng.reporters.JUnitReportReporter -->
<testsuite hostname="Jays-MacBook-Pro.local" failures="0" tests="6" name="testNG.ThreadPoolSize" time="0.081" errors="0" timestamp="2022-04-18T15:12:52 IST" skipped="0">
  <testcase classname="testNG.ThreadPoolSize" name="testWithOutThreadPool" time="0.001"/>
  <system-out/>
  <testcase classname="testNG.ThreadPoolSize" name="testThreadPools" time="0.025"/>
  <system-out/>
  <testcase classname="testNG.ThreadPoolSize" name="testThreadPools" time="0.025"/>
  <system-out/>
  <testcase classname="testNG.ThreadPoolSize" name="testThreadPools" time="0.027"/>
  <system-out/>
  <testcase classname="testNG.ThreadPoolSize" name="testWithOutThreadPool" time="0.002"/>
  <system-out/>
  <testcase classname="testNG.ThreadPoolSize" name="testWithOutThreadPool" time="0.001"/>
  <system-out/>
</testsuite> <!-- testNG.ThreadPoolSize -->
